<?xml version="1.0" encoding="UTF-8"?>
<testng-results ignored="0" total="1" passed="1" failed="0" skipped="0">
  <reporter-output>
  </reporter-output>
  <suite started-at="2024-10-07T13:03:34 CEST" name="Default suite" finished-at="2024-10-07T13:03:50 CEST" duration-ms="15360">
    <groups>
    </groups>
    <test started-at="2024-10-07T13:03:34 CEST" name="Default test" finished-at="2024-10-07T13:03:50 CEST" duration-ms="15360">
      <class name="com.staging.scrive.testcases.ScriveSignDocTest">
        <test-method is-config="true" signature="setUp()[pri:0, instance:com.staging.scrive.testcases.ScriveSignDocTest@192d43ce]" started-at="2024-10-07T13:03:34 CEST" name="setUp" finished-at="2024-10-07T13:03:43 CEST" duration-ms="8916" status="PASS">
          <reporter-output>
          </reporter-output>
        </test-method> <!-- setUp -->
        <test-method signature="userCanSignDocumentSuccessfully()[pri:0, instance:com.staging.scrive.testcases.ScriveSignDocTest@192d43ce]" started-at="2024-10-07T13:03:43 CEST" name="userCanSignDocumentSuccessfully" finished-at="2024-10-07T13:03:49 CEST" duration-ms="5887" status="PASS">
          <reporter-output>
          </reporter-output>
        </test-method> <!-- userCanSignDocumentSuccessfully -->
        <test-method is-config="true" signature="end()[pri:0, instance:com.staging.scrive.testcases.ScriveSignDocTest@192d43ce]" started-at="2024-10-07T13:03:49 CEST" name="end" finished-at="2024-10-07T13:03:50 CEST" duration-ms="440" status="PASS">
          <reporter-output>
          </reporter-output>
        </test-method> <!-- end -->
      </class> <!-- com.staging.scrive.testcases.ScriveSignDocTest -->
    </test> <!-- Default test -->
  </suite> <!-- Default suite -->
</testng-results>
